This is pdfTeX, Version 3.1415926-2.3-1.40.12 (TeX Live 2011) (format=pdflatex 2011.12.2)  22 AUG 2012 19:10
entering extended mode
 restricted \write18 enabled.
 %&-line parsing enabled.
**Rep-Res-Parent.tex
(./Rep-Res-Parent.tex
LaTeX2e <2009/09/24>
Babel <v3.8l> and hyphenation patterns for english, dumylang, nohyphenation, ge
rman-x-2009-06-19, ngerman-x-2009-06-19, afrikaans, ancientgreek, ibycus, arabi
c, armenian, basque, bulgarian, catalan, pinyin, coptic, croatian, czech, danis
h, dutch, ukenglish, usenglishmax, esperanto, estonian, ethiopic, farsi, finnis
h, french, galician, german, ngerman, swissgerman, monogreek, greek, hungarian,
 icelandic, assamese, bengali, gujarati, hindi, kannada, malayalam, marathi, or
iya, panjabi, tamil, telugu, indonesian, interlingua, irish, italian, kurmanji,
 lao, latin, latvian, lithuanian, mongolian, mongolianlmc, bokmal, nynorsk, pol
ish, portuguese, romanian, russian, sanskrit, serbian, serbianc, slovak, sloven
ian, spanish, swedish, turkish, turkmen, ukrainian, uppersorbian, welsh, loaded
.
(./krantz.cls
Document Class: krantz 2005/09/16 v1.4f Standard LaTeX document class
(/usr/local/texlive/2011/texmf-dist/tex/latex/base/bk10.clo
File: bk10.clo 2007/10/19 v1.4h Standard LaTeX file (size option)
)
\trimheight=\dimen102
\trimwidth=\dimen103
\normaltextheight=\dimen104
\tempa=\dimen105
\tempdimen=\dimen106
\htrim=\dimen107
\vtrimtop=\dimen108
\vtrimbot=\dimen109
\ul@box=\box26
\ur@box=\box27
\ll@box=\box28
\lr@box=\box29
\@cipboxa=\box30
\@cipboxb=\box31
\@ciprulewidth=\dimen110
\c@part=\count79
\c@chapter=\count80
\c@section=\count81
\c@subsection=\count82
\c@subsubsection=\count83
\c@paragraph=\count84
\c@subparagraph=\count85
\@chaptoc=\write3
\c@figure=\count86
\c@table=\count87
\abovecaptionskip=\skip41
\belowcaptionskip=\skip42
\c@numauthors=\count88
\section@toc@skip=\skip43
\SectionTOCWidth=\skip44
\subsection@toc@skip=\skip45
\SubSectionTOCWidth=\skip46
\subsubsection@toc@skip=\skip47
\SubSubSectionTOCWidth=\skip48
\paragraph@toc@skip=\skip49
\ParagraphTOCWidth=\skip50
\subparagraph@toc@skip=\skip51
\@AUonebox=\box32
\@AUtwobox=\box33
\@AUthreebox=\box34
\@AUfourbox=\box35
\@AUaffonebox=\box36
\@AUafftwobox=\box37
\@AUaffthreebox=\box38
\@AUafffourbox=\box39
\@finalAUboxfromone=\box40
\@finalAUboxfromtwo=\box41
\@finalAUboxfromthree=\box42
\@finalAUboxfromfour=\box43
\c@chaptocdepth=\count89
\bibindent=\dimen111
\tempbox=\box44
\nomenwidth=\dimen112
\@tablebox=\box45
\@tabletitlebox=\box46
\@tablewidth=\dimen113
\@tabletitlewidth=\dimen114
\max@tablewidth=\dimen115
\tempbox=\box47
\tempdimen=\dimen116
\tempbox=\box48
\notewidth=\dimen117
\wherebox=\box49
\wherewidth=\dimen118
\listtextleftmargin=\skip52
\listtextleftmarginii=\skip53
\listtextleftmarginiii=\skip54
\listtextrightmargin=\skip55
\listlabelleftskip=\skip56
\listlabelleftskipii=\skip57
\listlabelleftskipiii=\skip58
\abovelistskipi=\skip59
\belowlistskipi=\skip60
\abovelistskipii=\skip61
\belowlistskipii=\skip62
\abovelistskipiii=\skip63
\belowlistskipiii=\skip64
\labelsepi=\skip65
\labelsepii=\skip66
\labelsepiii=\skip67
\itemsepi=\skip68
\itemsepii=\skip69
\itemsepiii=\skip70
\enumdimwd=\dimen119
\enumdim=\dimen120
\concolwidth=\dimen121
\stempbox=\box50
)
(/usr/local/texlive/2011/texmf-dist/tex/latex/graphics/graphicx.sty
Package: graphicx 1999/02/16 v1.0f Enhanced LaTeX Graphics (DPC,SPQR)

(/usr/local/texlive/2011/texmf-dist/tex/latex/graphics/keyval.sty
Package: keyval 1999/03/16 v1.13 key=value parser (DPC)
\KV@toks@=\toks14
)
(/usr/local/texlive/2011/texmf-dist/tex/latex/graphics/graphics.sty
Package: graphics 2009/02/05 v1.0o Standard LaTeX Graphics (DPC,SPQR)

(/usr/local/texlive/2011/texmf-dist/tex/latex/graphics/trig.sty
Package: trig 1999/03/16 v1.09 sin cos tan (DPC)
)
(/usr/local/texlive/2011/texmf-dist/tex/latex/latexconfig/graphics.cfg
File: graphics.cfg 2010/04/23 v1.9 graphics configuration of TeX Live
)
Package graphics Info: Driver file: pdftex.def on input line 91.

(/usr/local/texlive/2011/texmf-dist/tex/latex/pdftex-def/pdftex.def
File: pdftex.def 2011/05/27 v0.06d Graphics/color for pdfTeX

(/usr/local/texlive/2011/texmf-dist/tex/generic/oberdiek/infwarerr.sty
Package: infwarerr 2010/04/08 v1.3 Providing info/warning/message (HO)
)
(/usr/local/texlive/2011/texmf-dist/tex/generic/oberdiek/ltxcmds.sty
Package: ltxcmds 2011/04/18 v1.20 LaTeX kernel commands for general use (HO)
)
\Gread@gobject=\count90
))
\Gin@req@height=\dimen122
\Gin@req@width=\dimen123
)
(/usr/local/texlive/2011/texmf-dist/tex/latex/graphics/color.sty
Package: color 2005/11/14 v1.0j Standard LaTeX Color (DPC)

(/usr/local/texlive/2011/texmf-dist/tex/latex/latexconfig/color.cfg
File: color.cfg 2007/01/18 v1.5 color configuration of teTeX/TeXLive
)
Package color Info: Driver file: pdftex.def on input line 130.
)
(/Library/Frameworks/R.framework/Resources/share/texmf/tex/latex/upquote.sty
Package: upquote 2003/08/11 v1.1 Covington's upright-quote modification to verb
atim and verb

(/usr/local/texlive/2011/texmf-dist/tex/latex/base/textcomp.sty
Package: textcomp 2005/09/27 v1.99g Standard LaTeX package
Package textcomp Info: Sub-encoding information:
(textcomp)               5 = only ISO-Adobe without \textcurrency
(textcomp)               4 = 5 + \texteuro
(textcomp)               3 = 4 + \textohm
(textcomp)               2 = 3 + \textestimated + \textcurrency
(textcomp)               1 = TS1 - \textcircled - \t
(textcomp)               0 = TS1 (full)
(textcomp)             Font families with sub-encoding setting implement
(textcomp)             only a restricted character set as indicated.
(textcomp)             Family '?' is the default used for unknown fonts.
(textcomp)             See the documentation for details.
Package textcomp Info: Setting ? sub-encoding to TS1/1 on input line 71.

(/usr/local/texlive/2011/texmf-dist/tex/latex/base/ts1enc.def
File: ts1enc.def 2001/06/05 v3.0e (jk/car/fm) Standard LaTeX file
)
LaTeX Info: Redefining \oldstylenums on input line 266.
Package textcomp Info: Setting cmr sub-encoding to TS1/0 on input line 281.
Package textcomp Info: Setting cmss sub-encoding to TS1/0 on input line 282.
Package textcomp Info: Setting cmtt sub-encoding to TS1/0 on input line 283.
Package textcomp Info: Setting cmvtt sub-encoding to TS1/0 on input line 284.
Package textcomp Info: Setting cmbr sub-encoding to TS1/0 on input line 285.
Package textcomp Info: Setting cmtl sub-encoding to TS1/0 on input line 286.
Package textcomp Info: Setting ccr sub-encoding to TS1/0 on input line 287.
Package textcomp Info: Setting ptm sub-encoding to TS1/4 on input line 288.
Package textcomp Info: Setting pcr sub-encoding to TS1/4 on input line 289.
Package textcomp Info: Setting phv sub-encoding to TS1/4 on input line 290.
Package textcomp Info: Setting ppl sub-encoding to TS1/3 on input line 291.
Package textcomp Info: Setting pag sub-encoding to TS1/4 on input line 292.
Package textcomp Info: Setting pbk sub-encoding to TS1/4 on input line 293.
Package textcomp Info: Setting pnc sub-encoding to TS1/4 on input line 294.
Package textcomp Info: Setting pzc sub-encoding to TS1/4 on input line 295.
Package textcomp Info: Setting bch sub-encoding to TS1/4 on input line 296.
Package textcomp Info: Setting put sub-encoding to TS1/5 on input line 297.
Package textcomp Info: Setting uag sub-encoding to TS1/5 on input line 298.
Package textcomp Info: Setting ugq sub-encoding to TS1/5 on input line 299.
Package textcomp Info: Setting ul8 sub-encoding to TS1/4 on input line 300.
Package textcomp Info: Setting ul9 sub-encoding to TS1/4 on input line 301.
Package textcomp Info: Setting augie sub-encoding to TS1/5 on input line 302.
Package textcomp Info: Setting dayrom sub-encoding to TS1/3 on input line 303.
Package textcomp Info: Setting dayroms sub-encoding to TS1/3 on input line 304.

Package textcomp Info: Setting pxr sub-encoding to TS1/0 on input line 305.
Package textcomp Info: Setting pxss sub-encoding to TS1/0 on input line 306.
Package textcomp Info: Setting pxtt sub-encoding to TS1/0 on input line 307.
Package textcomp Info: Setting txr sub-encoding to TS1/0 on input line 308.
Package textcomp Info: Setting txss sub-encoding to TS1/0 on input line 309.
Package textcomp Info: Setting txtt sub-encoding to TS1/0 on input line 310.
Package textcomp Info: Setting futs sub-encoding to TS1/4 on input line 311.
Package textcomp Info: Setting futx sub-encoding to TS1/4 on input line 312.
Package textcomp Info: Setting futj sub-encoding to TS1/4 on input line 313.
Package textcomp Info: Setting hlh sub-encoding to TS1/3 on input line 314.
Package textcomp Info: Setting hls sub-encoding to TS1/3 on input line 315.
Package textcomp Info: Setting hlst sub-encoding to TS1/3 on input line 316.
Package textcomp Info: Setting hlct sub-encoding to TS1/5 on input line 317.
Package textcomp Info: Setting hlx sub-encoding to TS1/5 on input line 318.
Package textcomp Info: Setting hlce sub-encoding to TS1/5 on input line 319.
Package textcomp Info: Setting hlcn sub-encoding to TS1/5 on input line 320.
Package textcomp Info: Setting hlcw sub-encoding to TS1/5 on input line 321.
Package textcomp Info: Setting hlcf sub-encoding to TS1/5 on input line 322.
Package textcomp Info: Setting pplx sub-encoding to TS1/3 on input line 323.
Package textcomp Info: Setting pplj sub-encoding to TS1/3 on input line 324.
Package textcomp Info: Setting ptmx sub-encoding to TS1/4 on input line 325.
Package textcomp Info: Setting ptmj sub-encoding to TS1/4 on input line 326.
))
(/usr/local/texlive/2011/texmf-dist/tex/latex/framed/framed.sty
Package: framed 2007/10/04 v 0.95: framed or shaded text with page breaks
\fb@frw=\dimen124
\fb@frh=\dimen125
\FrameRule=\dimen126
\FrameSep=\dimen127
)
(/usr/local/texlive/2011/texmf-dist/tex/latex/base/alltt.sty
Package: alltt 1997/06/16 v2.0g defines alltt environment
)
(/usr/local/texlive/2011/texmf-dist/tex/latex/amsfonts/amssymb.sty
Package: amssymb 2009/06/22 v3.00

(/usr/local/texlive/2011/texmf-dist/tex/latex/amsfonts/amsfonts.sty
Package: amsfonts 2009/06/22 v3.00 Basic AMSFonts support
\@emptytoks=\toks15
\symAMSa=\mathgroup4
\symAMSb=\mathgroup5
LaTeX Font Info:    Overwriting math alphabet `\mathfrak' in version `bold'
(Font)                  U/euf/m/n --> U/euf/b/n on input line 96.
))
(/usr/local/texlive/2011/texmf-dist/tex/latex/amsmath/amsmath.sty
Package: amsmath 2000/07/18 v2.13 AMS math features
\@mathmargin=\skip71

For additional information on amsmath, use the `?' option.
(/usr/local/texlive/2011/texmf-dist/tex/latex/amsmath/amstext.sty
Package: amstext 2000/06/29 v2.01

(/usr/local/texlive/2011/texmf-dist/tex/latex/amsmath/amsgen.sty
File: amsgen.sty 1999/11/30 v2.0
\@emptytoks=\toks16
\ex@=\dimen128
))
(/usr/local/texlive/2011/texmf-dist/tex/latex/amsmath/amsbsy.sty
Package: amsbsy 1999/11/29 v1.2d
\pmbraise@=\dimen129
)
(/usr/local/texlive/2011/texmf-dist/tex/latex/amsmath/amsopn.sty
Package: amsopn 1999/12/14 v2.01 operator names
)
\inf@bad=\count91
LaTeX Info: Redefining \frac on input line 211.
\uproot@=\count92
\leftroot@=\count93
LaTeX Info: Redefining \overline on input line 307.
\classnum@=\count94
\DOTSCASE@=\count95
LaTeX Info: Redefining \ldots on input line 379.
LaTeX Info: Redefining \dots on input line 382.
LaTeX Info: Redefining \cdots on input line 467.
\Mathstrutbox@=\box51
\strutbox@=\box52
\big@size=\dimen130
LaTeX Font Info:    Redeclaring font encoding OML on input line 567.
LaTeX Font Info:    Redeclaring font encoding OMS on input line 568.
\macc@depth=\count96
\c@MaxMatrixCols=\count97
\dotsspace@=\muskip10
\c@parentequation=\count98
\dspbrk@lvl=\count99
\tag@help=\toks17
\row@=\count100
\column@=\count101
\maxfields@=\count102
\andhelp@=\toks18
\eqnshift@=\dimen131
\alignsep@=\dimen132
\tagshift@=\dimen133
\tagwidth@=\dimen134
\totwidth@=\dimen135
\lineht@=\dimen136
\@envbody=\toks19
\multlinegap=\skip72
\multlinetaggap=\skip73
\mathdisplay@stack=\toks20
LaTeX Info: Redefining \[ on input line 2666.
LaTeX Info: Redefining \] on input line 2667.
)
(/usr/local/texlive/2011/texmf-dist/tex/latex/subfigure/subfigure.sty
Package: subfigure 2002/03/15 v2.1.5 subfigure package
\subfigtopskip=\skip74
\subfigcapskip=\skip75
\subfigcaptopadj=\dimen137
\subfigbottomskip=\skip76
\subfigcapmargin=\dimen138
\subfiglabelskip=\skip77
\c@subfigure=\count103
\c@lofdepth=\count104
\c@subtable=\count105
\c@lotdepth=\count106

****************************************
* Local config file subfigure.cfg used *
****************************************
(/usr/local/texlive/2011/texmf-dist/tex/latex/subfigure/subfigure.cfg)
\subfig@top=\skip78
\subfig@bottom=\skip79
)
(/usr/local/texlive/2011/texmf-dist/tex/latex/base/makeidx.sty
Package: makeidx 2000/03/29 v1.0m Standard LaTeX package
)
(/usr/local/texlive/2011/texmf-dist/tex/latex/tools/multicol.sty
Package: multicol 2008/12/05 v1.6h multicolumn formatting (FMi)
\c@tracingmulticols=\count107
\mult@box=\box53
\multicol@leftmargin=\dimen139
\c@unbalance=\count108
\c@collectmore=\count109
\doublecol@number=\count110
\multicoltolerance=\count111
\multicolpretolerance=\count112
\full@width=\dimen140
\page@free=\dimen141
\premulticols=\dimen142
\postmulticols=\dimen143
\multicolsep=\skip80
\multicolbaselineskip=\skip81
\partial@page=\box54
\last@line=\box55
\mult@rightbox=\box56
\mult@grightbox=\box57
\mult@gfirstbox=\box58
\mult@firstbox=\box59
\@tempa=\box60
\@tempa=\box61
\@tempa=\box62
\@tempa=\box63
\@tempa=\box64
\@tempa=\box65
\@tempa=\box66
\@tempa=\box67
\@tempa=\box68
\@tempa=\box69
\@tempa=\box70
\@tempa=\box71
\@tempa=\box72
\@tempa=\box73
\@tempa=\box74
\@tempa=\box75
\@tempa=\box76
\c@columnbadness=\count113
\c@finalcolumnbadness=\count114
\last@try=\dimen144
\multicolovershoot=\dimen145
\multicolundershoot=\dimen146
\mult@nat@firstbox=\box77
\colbreak@box=\box78
)
(/usr/local/texlive/2011/texmf-dist/tex/latex/tools/dcolumn.sty
Package: dcolumn 2001/05/28 v1.06 decimal alignment package (DPC)

(/usr/local/texlive/2011/texmf-dist/tex/latex/tools/array.sty
Package: array 2008/09/09 v2.4c Tabular extension package (FMi)
\col@sep=\dimen147
\extrarowheight=\dimen148
\NC@list=\toks21
\extratabsurround=\skip82
\backup@length=\skip83
))
(/usr/local/texlive/2011/texmf-dist/tex/latex/booktabs/booktabs.sty
Package: booktabs 2005/04/14 v1.61803 publication quality tables
\heavyrulewidth=\dimen149
\lightrulewidth=\dimen150
\cmidrulewidth=\dimen151
\belowrulesep=\dimen152
\belowbottomsep=\dimen153
\aboverulesep=\dimen154
\abovetopsep=\dimen155
\cmidrulesep=\dimen156
\cmidrulekern=\dimen157
\defaultaddspace=\dimen158
\@cmidla=\count115
\@cmidlb=\count116
\@aboverulesep=\dimen159
\@belowrulesep=\dimen160
\@thisruleclass=\count117
\@lastruleclass=\count118
\@thisrulewidth=\dimen161
)
(/usr/local/texlive/2011/texmf-dist/tex/latex/url/url.sty
\Urlmuskip=\muskip11
Package: url 2006/04/12  ver 3.3  Verb mode for urls, etc.
)
(/usr/local/texlive/2011/texmf-dist/tex/latex/todonotes/todonotes.sty
Package: todonotes 2011/04/21 .dtx Todonotes source and documentation.
Package: todonotes 2011/04/21

(/usr/local/texlive/2011/texmf-dist/tex/latex/base/ifthen.sty
Package: ifthen 2001/05/26 v1.1c Standard LaTeX ifthen package (DPC)
)
(/usr/local/texlive/2011/texmf-dist/tex/latex/xkeyval/xkeyval.sty
Package: xkeyval 2008/08/13 v2.6a package option processing (HA)

(/usr/local/texlive/2011/texmf-dist/tex/generic/xkeyval/xkeyval.tex
\XKV@toks=\toks22
\XKV@tempa@toks=\toks23
\XKV@depth=\count119
File: xkeyval.tex 2008/08/13 v2.6a key=value parser (HA)
))
(/usr/local/texlive/2011/texmf-dist/tex/latex/xcolor/xcolor.sty
Package: xcolor 2007/01/21 v2.11 LaTeX color extensions (UK)

(/usr/local/texlive/2011/texmf-dist/tex/latex/latexconfig/color.cfg
File: color.cfg 2007/01/18 v1.5 color configuration of teTeX/TeXLive
)
Package xcolor Info: Driver file: pdftex.def on input line 225.
LaTeX Info: Redefining \color on input line 702.
Package xcolor Info: Model `cmy' substituted by `cmy0' on input line 1337.
Package xcolor Info: Model `hsb' substituted by `rgb' on input line 1341.
Package xcolor Info: Model `RGB' extended on input line 1353.
Package xcolor Info: Model `HTML' substituted by `rgb' on input line 1355.
Package xcolor Info: Model `Hsb' substituted by `hsb' on input line 1356.
Package xcolor Info: Model `tHsb' substituted by `hsb' on input line 1357.
Package xcolor Info: Model `HSB' substituted by `hsb' on input line 1358.
Package xcolor Info: Model `Gray' substituted by `gray' on input line 1359.
Package xcolor Info: Model `wave' substituted by `hsb' on input line 1360.
)
(/usr/local/texlive/2011/texmf-dist/tex/latex/pgf/frontendlayer/tikz.sty
(/usr/local/texlive/2011/texmf-dist/tex/latex/pgf/basiclayer/pgf.sty
(/usr/local/texlive/2011/texmf-dist/tex/latex/pgf/utilities/pgfrcs.sty
(/usr/local/texlive/2011/texmf-dist/tex/generic/pgf/utilities/pgfutil-common.te
x
\pgfutil@everybye=\toks24
)
(/usr/local/texlive/2011/texmf-dist/tex/generic/pgf/utilities/pgfutil-latex.def
\pgfutil@abb=\box79
(/usr/local/texlive/2011/texmf-dist/tex/latex/ms/everyshi.sty
Package: everyshi 2001/05/15 v3.00 EveryShipout Package (MS)
))
(/usr/local/texlive/2011/texmf-dist/tex/generic/pgf/utilities/pgfrcs.code.tex
Package: pgfrcs 2010/10/25 v2.10 (rcs-revision 1.24)
))
Package: pgf 2008/01/15 v2.10 (rcs-revision 1.12)
(/usr/local/texlive/2011/texmf-dist/tex/latex/pgf/basiclayer/pgfcore.sty
(/usr/local/texlive/2011/texmf-dist/tex/latex/pgf/systemlayer/pgfsys.sty
(/usr/local/texlive/2011/texmf-dist/tex/generic/pgf/systemlayer/pgfsys.code.tex
Package: pgfsys 2010/06/30 v2.10 (rcs-revision 1.37)
(/usr/local/texlive/2011/texmf-dist/tex/generic/pgf/utilities/pgfkeys.code.tex
\pgfkeys@pathtoks=\toks25
\pgfkeys@temptoks=\toks26

(/usr/local/texlive/2011/texmf-dist/tex/generic/pgf/utilities/pgfkeysfiltered.c
ode.tex
\pgfkeys@tmptoks=\toks27
))
\pgf@x=\dimen162
\pgf@y=\dimen163
\pgf@xa=\dimen164
\pgf@ya=\dimen165
\pgf@xb=\dimen166
\pgf@yb=\dimen167
\pgf@xc=\dimen168
\pgf@yc=\dimen169
\w@pgf@writea=\write4
\r@pgf@reada=\read1
\c@pgf@counta=\count120
\c@pgf@countb=\count121
\c@pgf@countc=\count122
\c@pgf@countd=\count123

(/usr/local/texlive/2011/texmf-dist/tex/generic/pgf/systemlayer/pgf.cfg
File: pgf.cfg 2008/05/14  (rcs-revision 1.7)
)
Package pgfsys Info: Driver file for pgf: pgfsys-pdftex.def on input line 900.

(/usr/local/texlive/2011/texmf-dist/tex/generic/pgf/systemlayer/pgfsys-pdftex.d
ef
File: pgfsys-pdftex.def 2009/05/22  (rcs-revision 1.26)

(/usr/local/texlive/2011/texmf-dist/tex/generic/pgf/systemlayer/pgfsys-common-p
df.def
File: pgfsys-common-pdf.def 2008/05/19  (rcs-revision 1.10)
)))
(/usr/local/texlive/2011/texmf-dist/tex/generic/pgf/systemlayer/pgfsyssoftpath.
code.tex
File: pgfsyssoftpath.code.tex 2008/07/18  (rcs-revision 1.7)
\pgfsyssoftpath@smallbuffer@items=\count124
\pgfsyssoftpath@bigbuffer@items=\count125
)
(/usr/local/texlive/2011/texmf-dist/tex/generic/pgf/systemlayer/pgfsysprotocol.
code.tex
File: pgfsysprotocol.code.tex 2006/10/16  (rcs-revision 1.4)
))
(/usr/local/texlive/2011/texmf-dist/tex/generic/pgf/basiclayer/pgfcore.code.tex
Package: pgfcore 2010/04/11 v2.10 (rcs-revision 1.7)
(/usr/local/texlive/2011/texmf-dist/tex/generic/pgf/math/pgfmath.code.tex
(/usr/local/texlive/2011/texmf-dist/tex/generic/pgf/math/pgfmathcalc.code.tex
(/usr/local/texlive/2011/texmf-dist/tex/generic/pgf/math/pgfmathutil.code.tex)
(/usr/local/texlive/2011/texmf-dist/tex/generic/pgf/math/pgfmathparser.code.tex
\pgfmath@dimen=\dimen170
\pgfmath@count=\count126
\pgfmath@box=\box80
\pgfmath@toks=\toks28
\pgfmath@stack@operand=\toks29
\pgfmath@stack@operation=\toks30
)
(/usr/local/texlive/2011/texmf-dist/tex/generic/pgf/math/pgfmathfunctions.code.
tex
(/usr/local/texlive/2011/texmf-dist/tex/generic/pgf/math/pgfmathfunctions.basic
.code.tex)
(/usr/local/texlive/2011/texmf-dist/tex/generic/pgf/math/pgfmathfunctions.trigo
nometric.code.tex)
(/usr/local/texlive/2011/texmf-dist/tex/generic/pgf/math/pgfmathfunctions.rando
m.code.tex)
(/usr/local/texlive/2011/texmf-dist/tex/generic/pgf/math/pgfmathfunctions.compa
rison.code.tex)
(/usr/local/texlive/2011/texmf-dist/tex/generic/pgf/math/pgfmathfunctions.base.
code.tex)
(/usr/local/texlive/2011/texmf-dist/tex/generic/pgf/math/pgfmathfunctions.round
.code.tex)
(/usr/local/texlive/2011/texmf-dist/tex/generic/pgf/math/pgfmathfunctions.misc.
code.tex)))
(/usr/local/texlive/2011/texmf-dist/tex/generic/pgf/math/pgfmathfloat.code.tex
\c@pgfmathroundto@lastzeros=\count127
))
(/usr/local/texlive/2011/texmf-dist/tex/generic/pgf/basiclayer/pgfcorepoints.co
de.tex
File: pgfcorepoints.code.tex 2010/04/09  (rcs-revision 1.20)
\pgf@picminx=\dimen171
\pgf@picmaxx=\dimen172
\pgf@picminy=\dimen173
\pgf@picmaxy=\dimen174
\pgf@pathminx=\dimen175
\pgf@pathmaxx=\dimen176
\pgf@pathminy=\dimen177
\pgf@pathmaxy=\dimen178
\pgf@xx=\dimen179
\pgf@xy=\dimen180
\pgf@yx=\dimen181
\pgf@yy=\dimen182
\pgf@zx=\dimen183
\pgf@zy=\dimen184
)
(/usr/local/texlive/2011/texmf-dist/tex/generic/pgf/basiclayer/pgfcorepathconst
ruct.code.tex
File: pgfcorepathconstruct.code.tex 2010/08/03  (rcs-revision 1.24)
\pgf@path@lastx=\dimen185
\pgf@path@lasty=\dimen186
)
(/usr/local/texlive/2011/texmf-dist/tex/generic/pgf/basiclayer/pgfcorepathusage
.code.tex
File: pgfcorepathusage.code.tex 2008/04/22  (rcs-revision 1.12)
\pgf@shorten@end@additional=\dimen187
\pgf@shorten@start@additional=\dimen188
)
(/usr/local/texlive/2011/texmf-dist/tex/generic/pgf/basiclayer/pgfcorescopes.co
de.tex
File: pgfcorescopes.code.tex 2010/09/08  (rcs-revision 1.34)
\pgfpic=\box81
\pgf@hbox=\box82
\pgf@layerbox@main=\box83
\pgf@picture@serial@count=\count128
)
(/usr/local/texlive/2011/texmf-dist/tex/generic/pgf/basiclayer/pgfcoregraphicst
ate.code.tex
File: pgfcoregraphicstate.code.tex 2008/04/22  (rcs-revision 1.9)
\pgflinewidth=\dimen189
)
(/usr/local/texlive/2011/texmf-dist/tex/generic/pgf/basiclayer/pgfcoretransform
ations.code.tex
File: pgfcoretransformations.code.tex 2009/06/10  (rcs-revision 1.11)
\pgf@pt@x=\dimen190
\pgf@pt@y=\dimen191
\pgf@pt@temp=\dimen192
)
(/usr/local/texlive/2011/texmf-dist/tex/generic/pgf/basiclayer/pgfcorequick.cod
e.tex
File: pgfcorequick.code.tex 2008/10/09  (rcs-revision 1.3)
)
(/usr/local/texlive/2011/texmf-dist/tex/generic/pgf/basiclayer/pgfcoreobjects.c
ode.tex
File: pgfcoreobjects.code.tex 2006/10/11  (rcs-revision 1.2)
)
(/usr/local/texlive/2011/texmf-dist/tex/generic/pgf/basiclayer/pgfcorepathproce
ssing.code.tex
File: pgfcorepathprocessing.code.tex 2008/10/09  (rcs-revision 1.8)
)
(/usr/local/texlive/2011/texmf-dist/tex/generic/pgf/basiclayer/pgfcorearrows.co
de.tex
File: pgfcorearrows.code.tex 2008/04/23  (rcs-revision 1.11)
)
(/usr/local/texlive/2011/texmf-dist/tex/generic/pgf/basiclayer/pgfcoreshade.cod
e.tex
File: pgfcoreshade.code.tex 2008/11/23  (rcs-revision 1.13)
\pgf@max=\dimen193
\pgf@sys@shading@range@num=\count129
)
(/usr/local/texlive/2011/texmf-dist/tex/generic/pgf/basiclayer/pgfcoreimage.cod
e.tex
File: pgfcoreimage.code.tex 2010/03/25  (rcs-revision 1.16)

(/usr/local/texlive/2011/texmf-dist/tex/generic/pgf/basiclayer/pgfcoreexternal.
code.tex
File: pgfcoreexternal.code.tex 2010/09/01  (rcs-revision 1.17)
\pgfexternal@startupbox=\box84
))
(/usr/local/texlive/2011/texmf-dist/tex/generic/pgf/basiclayer/pgfcorelayers.co
de.tex
File: pgfcorelayers.code.tex 2010/08/27  (rcs-revision 1.2)
)
(/usr/local/texlive/2011/texmf-dist/tex/generic/pgf/basiclayer/pgfcoretranspare
ncy.code.tex
File: pgfcoretransparency.code.tex 2008/01/17  (rcs-revision 1.2)
)
(/usr/local/texlive/2011/texmf-dist/tex/generic/pgf/basiclayer/pgfcorepatterns.
code.tex
File: pgfcorepatterns.code.tex 2009/07/02  (rcs-revision 1.3)
)))
(/usr/local/texlive/2011/texmf-dist/tex/generic/pgf/modules/pgfmoduleshapes.cod
e.tex
File: pgfmoduleshapes.code.tex 2010/09/09  (rcs-revision 1.13)
\pgfnodeparttextbox=\box85
)
(/usr/local/texlive/2011/texmf-dist/tex/generic/pgf/modules/pgfmoduleplot.code.
tex
File: pgfmoduleplot.code.tex 2010/10/22  (rcs-revision 1.8)
)
(/usr/local/texlive/2011/texmf-dist/tex/latex/pgf/compatibility/pgfcomp-version
-0-65.sty
Package: pgfcomp-version-0-65 2007/07/03 v2.10 (rcs-revision 1.7)
\pgf@nodesepstart=\dimen194
\pgf@nodesepend=\dimen195
)
(/usr/local/texlive/2011/texmf-dist/tex/latex/pgf/compatibility/pgfcomp-version
-1-18.sty
Package: pgfcomp-version-1-18 2007/07/23 v2.10 (rcs-revision 1.1)
))
(/usr/local/texlive/2011/texmf-dist/tex/latex/pgf/utilities/pgffor.sty
(/usr/local/texlive/2011/texmf-dist/tex/latex/pgf/utilities/pgfkeys.sty
(/usr/local/texlive/2011/texmf-dist/tex/generic/pgf/utilities/pgfkeys.code.tex)
) (/usr/local/texlive/2011/texmf-dist/tex/generic/pgf/utilities/pgffor.code.tex
Package: pgffor 2010/03/23 v2.10 (rcs-revision 1.18)
\pgffor@iter=\dimen196
\pgffor@skip=\dimen197
\pgffor@stack=\toks31
\pgffor@toks=\toks32
))
(/usr/local/texlive/2011/texmf-dist/tex/generic/pgf/frontendlayer/tikz/tikz.cod
e.tex
Package: tikz 2010/10/13 v2.10 (rcs-revision 1.76)

(/usr/local/texlive/2011/texmf-dist/tex/generic/pgf/libraries/pgflibraryplothan
dlers.code.tex
File: pgflibraryplothandlers.code.tex 2010/05/31 v2.10 (rcs-revision 1.15)
\pgf@plot@mark@count=\count130
\pgfplotmarksize=\dimen198
)
\tikz@lastx=\dimen199
\tikz@lasty=\dimen200
\tikz@lastxsaved=\dimen201
\tikz@lastysaved=\dimen202
\tikzleveldistance=\dimen203
\tikzsiblingdistance=\dimen204
\tikz@figbox=\box86
\tikz@tempbox=\box87
\tikztreelevel=\count131
\tikznumberofchildren=\count132
\tikznumberofcurrentchild=\count133
\tikz@fig@count=\count134

(/usr/local/texlive/2011/texmf-dist/tex/generic/pgf/modules/pgfmodulematrix.cod
e.tex
File: pgfmodulematrix.code.tex 2010/08/24  (rcs-revision 1.4)
\pgfmatrixcurrentrow=\count135
\pgfmatrixcurrentcolumn=\count136
\pgf@matrix@numberofcolumns=\count137
)
\tikz@expandcount=\count138

(/usr/local/texlive/2011/texmf-dist/tex/generic/pgf/frontendlayer/tikz/librarie
s/tikzlibrarytopaths.code.tex
File: tikzlibrarytopaths.code.tex 2008/06/17 v2.10 (rcs-revision 1.2)
)))
(/usr/local/texlive/2011/texmf-dist/tex/latex/tools/calc.sty
Package: calc 2007/08/22 v4.3 Infix arithmetic (KKT,FJ)
\calc@Acount=\count139
\calc@Bcount=\count140
\calc@Adimen=\dimen205
\calc@Bdimen=\dimen206
\calc@Askip=\skip84
\calc@Bskip=\skip85
LaTeX Info: Redefining \setlength on input line 76.
LaTeX Info: Redefining \addtolength on input line 77.
\calc@Ccount=\count141
\calc@Cskip=\skip86
)
\c@@todonotes@numberoftodonotes=\count142
)
\@indexfile=\write5
\openout5 = `Rep-Res-Parent.idx'.


Writing index file Rep-Res-Parent.idx
(./Rep-Res-Parent.aux)
\openout1 = `Rep-Res-Parent.aux'.

LaTeX Font Info:    Checking defaults for OML/cmm/m/it on input line 92.
LaTeX Font Info:    ... okay on input line 92.
LaTeX Font Info:    Checking defaults for T1/cmr/m/n on input line 92.
LaTeX Font Info:    ... okay on input line 92.
LaTeX Font Info:    Checking defaults for OT1/cmr/m/n on input line 92.
LaTeX Font Info:    ... okay on input line 92.
LaTeX Font Info:    Checking defaults for OMS/cmsy/m/n on input line 92.
LaTeX Font Info:    ... okay on input line 92.
LaTeX Font Info:    Checking defaults for OMX/cmex/m/n on input line 92.
LaTeX Font Info:    ... okay on input line 92.
LaTeX Font Info:    Checking defaults for U/cmr/m/n on input line 92.
LaTeX Font Info:    ... okay on input line 92.
LaTeX Font Info:    Checking defaults for TS1/cmr/m/n on input line 92.
LaTeX Font Info:    Try loading font information for TS1+cmr on input line 92.

(/usr/local/texlive/2011/texmf-dist/tex/latex/base/ts1cmr.fd
File: ts1cmr.fd 1999/05/25 v2.5h Standard LaTeX font definitions
)
LaTeX Font Info:    ... okay on input line 92.

(/usr/local/texlive/2011/texmf-dist/tex/context/base/supp-pdf.mkii
[Loading MPS to PDF converter (version 2006.09.02).]
\scratchcounter=\count143
\scratchdimen=\dimen207
\scratchbox=\box88
\nofMPsegments=\count144
\nofMParguments=\count145
\everyMPshowfont=\toks33
\MPscratchCnt=\count146
\MPscratchDim=\dimen208
\MPnumerator=\count147
\makeMPintoPDFobject=\count148
\everyMPtoPDFconversion=\toks34
) (/usr/local/texlive/2011/texmf-dist/tex/generic/oberdiek/pdftexcmds.sty
Package: pdftexcmds 2011/04/22 v0.16 Utilities of pdfTeX for LuaTeX (HO)

(/usr/local/texlive/2011/texmf-dist/tex/generic/oberdiek/ifluatex.sty
Package: ifluatex 2010/03/01 v1.3 Provides the ifluatex switch (HO)
Package ifluatex Info: LuaTeX not detected.
)
(/usr/local/texlive/2011/texmf-dist/tex/generic/oberdiek/ifpdf.sty
Package: ifpdf 2011/01/30 v2.3 Provides the ifpdf switch (HO)
Package ifpdf Info: pdfTeX in PDF mode is detected.
)
Package pdftexcmds Info: LuaTeX not detected.
Package pdftexcmds Info: \pdf@primitive is available.
Package pdftexcmds Info: \pdf@ifprimitive is available.
Package pdftexcmds Info: \pdfdraftmode found.
)
(/usr/local/texlive/2011/texmf-dist/tex/latex/oberdiek/epstopdf-base.sty
Package: epstopdf-base 2010/02/09 v2.5 Base part for package epstopdf

(/usr/local/texlive/2011/texmf-dist/tex/latex/oberdiek/grfext.sty
Package: grfext 2010/08/19 v1.1 Managing graphics extensions (HO)

(/usr/local/texlive/2011/texmf-dist/tex/generic/oberdiek/kvdefinekeys.sty
Package: kvdefinekeys 2011/04/07 v1.3 Defining keys (HO)
))
(/usr/local/texlive/2011/texmf-dist/tex/latex/oberdiek/kvoptions.sty
Package: kvoptions 2010/12/23 v3.10 Keyval support for LaTeX options (HO)

(/usr/local/texlive/2011/texmf-dist/tex/generic/oberdiek/kvsetkeys.sty
Package: kvsetkeys 2011/04/07 v1.13 Key value parser (HO)

(/usr/local/texlive/2011/texmf-dist/tex/generic/oberdiek/etexcmds.sty
Package: etexcmds 2011/02/16 v1.5 Prefix for e-TeX command names (HO)
Package etexcmds Info: Could not find \expanded.
(etexcmds)             That can mean that you are not using pdfTeX 1.50 or
(etexcmds)             that some package has redefined \expanded.
(etexcmds)             In the latter case, load this package earlier.
)))
Package grfext Info: Graphics extension search list:
(grfext)             [.png,.pdf,.jpg,.mps,.jpeg,.jbig2,.jb2,.PNG,.PDF,.JPG,.JPE
G,.JBIG2,.JB2,.eps]
(grfext)             \AppendGraphicsExtensions on input line 452.

(/usr/local/texlive/2011/texmf-dist/tex/latex/latexconfig/epstopdf-sys.cfg
File: epstopdf-sys.cfg 2010/07/13 v1.3 Configuration of (r)epstopdf for TeX Liv
e
))
ABD: EveryShipout initializing macros

LaTeX Font Warning: Font shape `OT1/cmr/m/sl' in size <24> not available
(Font)              size <24.88> substituted on input line 100.


LaTeX Font Warning: Font shape `OT1/cmr/bx/sl' in size <24> not available
(Font)              size <24.88> substituted on input line 100.


Underfull \vbox (badness 10000) has occurred while \output is active []


Overfull \hbox (336.25pt too wide) has occurred while \output is active
[]
 []


Underfull \vbox (badness 10000) has occurred while \output is active []


Overfull \hbox (336.25pt too wide) has occurred while \output is active
[]
 []


Underfull \vbox (badness 10000) has occurred while \output is active []


Overfull \hbox (336.25pt too wide) has occurred while \output is active
[]
 []


Underfull \vbox (badness 10000) has occurred while \output is active []


Overfull \hbox (336.25pt too wide) has occurred while \output is active
[]
 []


Underfull \hbox (badness 10000) has occurred while \output is active
 [][][][] 
 []

[1


{/usr/local/texlive/2011/texmf-var/fonts/map/pdftex/updmap/pdftex.map}]
[2

]
Underfull \vbox (badness 10000) detected at line 104
 []


Overfull \hbox (336.25pt too wide) detected at line 104
[]
 []


Underfull \vbox (badness 10000) detected at line 104
 []


Overfull \hbox (336.25pt too wide) detected at line 104
[]
 []


Underfull \vbox (badness 10000) detected at line 104
 []


Overfull \hbox (336.25pt too wide) detected at line 104
[]
 []


Underfull \vbox (badness 10000) detected at line 104
 []


Overfull \hbox (336.25pt too wide) detected at line 104
[]
 []


Underfull \hbox (badness 10000) detected at line 104
[]
 []


LaTeX Font Warning: Font shape `OT1/cmr/m/sl' in size <18> not available
(Font)              size <17.28> substituted on input line 104.


LaTeX Font Warning: Font shape `OT1/cmr/bx/sl' in size <18> not available
(Font)              size <17.28> substituted on input line 104.


Underfull \hbox (badness 10000) has occurred while \output is active
 [][][][] 
 []

[1


] [2

]
Underfull \vbox (badness 10000) detected at line 111
 []


Overfull \hbox (336.25pt too wide) detected at line 111
[]
 []


Underfull \vbox (badness 10000) detected at line 111
 []


Overfull \hbox (336.25pt too wide) detected at line 111
[]
 []


Underfull \vbox (badness 10000) detected at line 111
 []


Overfull \hbox (336.25pt too wide) detected at line 111
[]
 []


Underfull \vbox (badness 10000) detected at line 111
 []


Overfull \hbox (336.25pt too wide) detected at line 111
[]
 []


Underfull \hbox (badness 10000) detected at line 111
[]
 []


Underfull \hbox (badness 10000) has occurred while \output is active
 [][][][] 
 []

[3

] [4

]
Underfull \vbox (badness 10000) detected at line 117
 []


Overfull \hbox (336.25pt too wide) detected at line 117
[]
 []


Underfull \vbox (badness 10000) detected at line 117
 []


Overfull \hbox (336.25pt too wide) detected at line 117
[]
 []


Underfull \vbox (badness 10000) detected at line 117
 []


Overfull \hbox (336.25pt too wide) detected at line 117
[]
 []


Underfull \vbox (badness 10000) detected at line 117
 []


Overfull \hbox (336.25pt too wide) detected at line 117
[]
 []


Underfull \hbox (badness 10000) detected at line 117
[]
 []


Underfull \hbox (badness 10000) has occurred while \output is active
 [][][][] 
 []

[5

] [6

]
Underfull \vbox (badness 10000) detected at line 122
 []


Overfull \hbox (336.25pt too wide) detected at line 122
[]
 []


Underfull \vbox (badness 10000) detected at line 122
 []


Overfull \hbox (336.25pt too wide) detected at line 122
[]
 []


Underfull \vbox (badness 10000) detected at line 122
 []


Overfull \hbox (336.25pt too wide) detected at line 122
[]
 []


Underfull \vbox (badness 10000) detected at line 122
 []


Overfull \hbox (336.25pt too wide) detected at line 122
[]
 []


Underfull \hbox (badness 10000) detected at line 122
[]
 []

(/git_repositories/Rep-Res-Book/Temp/StyleTemp.tex)
Underfull \hbox (badness 10000) has occurred while \output is active
 [][][][] 
 []

[7

] [8

]
Underfull \vbox (badness 10000) detected at line 135
 []


Overfull \hbox (336.25pt too wide) detected at line 135
[]
 []


Underfull \vbox (badness 10000) detected at line 135
 []


Overfull \hbox (336.25pt too wide) detected at line 135
[]
 []


Underfull \vbox (badness 10000) detected at line 135
 []


Overfull \hbox (336.25pt too wide) detected at line 135
[]
 []


Underfull \vbox (badness 10000) detected at line 135
 []


Overfull \hbox (336.25pt too wide) detected at line 135
[]
 []


Underfull \hbox (badness 10000) detected at line 135
[]
 []

(./Rep-Res-Parent.lof
LaTeX Font Info:    Try loading font information for U+msa on input line 4.

(/usr/local/texlive/2011/texmf-dist/tex/latex/amsfonts/umsa.fd
File: umsa.fd 2009/06/22 v3.00 AMS symbols A
)
LaTeX Font Info:    Try loading font information for U+msb on input line 4.

(/usr/local/texlive/2011/texmf-dist/tex/latex/amsfonts/umsb.fd
File: umsb.fd 2009/06/22 v3.00 AMS symbols B
))
\tf@lof=\write6
\openout6 = `Rep-Res-Parent.lof'.


Underfull \hbox (badness 10000) has occurred while \output is active
 [][][][] 
 []

[9

] [10

]
Underfull \vbox (badness 10000) detected at line 136
 []


Overfull \hbox (336.25pt too wide) detected at line 136
[]
 []


Underfull \vbox (badness 10000) detected at line 136
 []


Overfull \hbox (336.25pt too wide) detected at line 136
[]
 []


Underfull \vbox (badness 10000) detected at line 136
 []


Overfull \hbox (336.25pt too wide) detected at line 136
[]
 []


Underfull \vbox (badness 10000) detected at line 136
 []


Overfull \hbox (336.25pt too wide) detected at line 136
[]
 []


Underfull \hbox (badness 10000) detected at line 136
[]
 []

(./Rep-Res-Parent.lot)
\tf@lot=\write7
\openout7 = `Rep-Res-Parent.lot'.


Underfull \hbox (badness 10000) has occurred while \output is active
 [][][][] 
 []

[11

] [12

]
Underfull \vbox (badness 10000) detected at line 137
 []


Overfull \hbox (336.25pt too wide) detected at line 137
[]
 []


Underfull \vbox (badness 10000) detected at line 137
 []


Overfull \hbox (336.25pt too wide) detected at line 137
[]
 []


Underfull \vbox (badness 10000) detected at line 137
 []


Overfull \hbox (336.25pt too wide) detected at line 137
[]
 []


Underfull \vbox (badness 10000) detected at line 137
 []


Overfull \hbox (336.25pt too wide) detected at line 137
[]
 []


Underfull \hbox (badness 10000) detected at line 137
[]
 []

(./Rep-Res-Parent.toc
Underfull \hbox (badness 10000) has occurred while \output is active
 [][][][] 
 []

[13

] [14] [15])
\tf@toc=\write8
\openout8 = `Rep-Res-Parent.toc'.

 [16]
Underfull \vbox (badness 10000) detected at line 143
 []


Overfull \hbox (336.25pt too wide) detected at line 143
[]
 []


Underfull \vbox (badness 10000) detected at line 143
 []


Overfull \hbox (336.25pt too wide) detected at line 143
[]
 []


Underfull \vbox (badness 10000) detected at line 143
 []


Overfull \hbox (336.25pt too wide) detected at line 143
[]
 []


Underfull \vbox (badness 10000) detected at line 143
 []


Overfull \hbox (336.25pt too wide) detected at line 143
[]
 []


Underfull \hbox (badness 10000) has occurred while \output is active
 [][][][] 
 []

[1


]
Underfull \vbox (badness 10000) has occurred while \output is active []


Overfull \hbox (336.25pt too wide) has occurred while \output is active
[]
 []


Underfull \vbox (badness 10000) has occurred while \output is active []


Overfull \hbox (336.25pt too wide) has occurred while \output is active
[]
 []


Underfull \vbox (badness 10000) has occurred while \output is active []


Overfull \hbox (336.25pt too wide) has occurred while \output is active
[]
 []


Underfull \vbox (badness 10000) has occurred while \output is active []


Overfull \hbox (336.25pt too wide) has occurred while \output is active
[]
 []


Underfull \hbox (badness 10000) has occurred while \output is active
 [][][][] 
 []

[2]
Underfull \vbox (badness 10000) detected at line 153
 []


Overfull \hbox (336.25pt too wide) detected at line 153
[]
 []


Underfull \vbox (badness 10000) detected at line 153
 []


Overfull \hbox (336.25pt too wide) detected at line 153
[]
 []


Underfull \vbox (badness 10000) detected at line 153
 []


Overfull \hbox (336.25pt too wide) detected at line 153
[]
 []


Underfull \vbox (badness 10000) detected at line 153
 []


Overfull \hbox (336.25pt too wide) detected at line 153
[]
 []

Chapter 1.

LaTeX Font Warning: Font shape `OT1/cmr/bx/n' in size <24> not available
(Font)              size <24.88> substituted on input line 153.


LaTeX Font Warning: Font shape `OT1/cmr/m/n' in size <24> not available
(Font)              size <24.88> substituted on input line 153.

(./1.toc

LaTeX Font Warning: Font shape `OT1/cmr/m/n' in size <9.5> not available
(Font)              size <9> substituted on input line 1.

LaTeX Font Info:    Calculating math sizes for size <9.5> on input line 1.

LaTeX Font Warning: Font shape `OML/cmm/m/it' in size <9.5> not available
(Font)              size <9> substituted on input line 1.


LaTeX Font Warning: Font shape `OMS/cmsy/m/n' in size <9.5> not available
(Font)              size <9> substituted on input line 1.

)
\openout3 = `1.toc'.


Underfull \hbox (badness 10000) has occurred while \output is active
 [][][][] 
 []

[3


] [4]
LaTeX Font Info:    Try loading font information for OMS+cmtt on input line 213
.

(/Library/Frameworks/R.framework/Resources/share/texmf/tex/latex/omscmtt.fd
File: omscmtt.fd 
)
LaTeX Font Info:    Font shape `OMS/cmtt/m/n' in size <10> not available
(Font)              Font shape `OMS/cmsy/m/n' tried instead on input line 213.
Missing character: There is no Ã in font cmr10!
Missing character: There is no Ÿ in font cmr10!
LaTeX Font Info:    Try loading font information for TS1+cmtt on input line 239
.

(/usr/local/texlive/2011/texmf-dist/tex/latex/base/ts1cmtt.fd
File: ts1cmtt.fd 1999/05/25 v2.5h Standard LaTeX font definitions
) [5]
Underfull \vbox (badness 1270) has occurred while \output is active []

 [6]
[7] [8

]
Underfull \vbox (badness 10000) detected at line 313
 []


Overfull \hbox (336.25pt too wide) detected at line 313
[]
 []


Underfull \vbox (badness 10000) detected at line 313
 []


Overfull \hbox (336.25pt too wide) detected at line 313
[]
 []


Underfull \vbox (badness 10000) detected at line 313
 []


Overfull \hbox (336.25pt too wide) detected at line 313
[]
 []


Underfull \vbox (badness 10000) detected at line 313
 []


Overfull \hbox (336.25pt too wide) detected at line 313
[]
 []

Chapter 2.
(./2.toc

LaTeX Font Warning: Font shape `OT1/cmtt/m/n' in size <9.5> not available
(Font)              size <9> substituted on input line 14.

)
\openout3 = `2.toc'.


Underfull \hbox (badness 10000) has occurred while \output is active
 [][][][] 
 []

[9

]

Package xcolor Warning: Incompatible color definition on input line 334.

LaTeX Font Info:    Font shape `OT1/cmtt/bx/n' in size <10> not available
(Font)              Font shape `OT1/cmtt/m/n' tried instead on input line 336.

Package xcolor Warning: Incompatible color definition on input line 363.

[10]
! You can't use `macro parameter character #' in horizontal mode.
l.378 In R everything on a line after a {\tt{#
                                              }} hash (number) character is ...
Sorry, but I'm not programmed to handle this case;
I'll just pretend that you didn't ask for it.
If you're in the wrong mode, you might be able to
return to the right one by typing `I}' or `I$' or `I\par'.

! You can't use `macro parameter character #' in horizontal mode.
l.378 ...mment declaration} You can use the {\tt{#
                                                  }} to place comments telli...
Sorry, but I'm not programmed to handle this case;
I'll just pretend that you didn't ask for it.
If you're in the wrong mode, you might be able to
return to the right one by typing `I}' or `I$' or `I\par'.


Package xcolor Warning: Incompatible color definition on input line 381.

LaTeX Font Info:    Try loading font information for OML+cmtt on input line 393
.
LaTeX Font Info:    No file OMLcmtt.fd. on input line 393.

LaTeX Font Warning: Font shape `OML/cmtt/m/n' undefined
(Font)              using `OML/cmm/m/it' instead
(Font)              for symbol `textless' on input line 393.

LaTeX Font Info:    Font shape `OT1/cmtt/bx/n' in size <11> not available
(Font)              Font shape `OT1/cmtt/m/n' tried instead on input line 418.
LaTeX Font Info:    Calculating math sizes for size <11> on input line 424.

LaTeX Font Warning: Font shape `OT1/cmr/m/n' in size <5.5> not available
(Font)              size <5> substituted on input line 424.


LaTeX Font Warning: Font shape `OML/cmm/m/it' in size <5.5> not available
(Font)              size <5> substituted on input line 424.


LaTeX Font Warning: Font shape `OMS/cmsy/m/n' in size <5.5> not available
(Font)              size <5> substituted on input line 424.

[11] [12]
Underfull \vbox (badness 10000) detected at line 434
 []


Overfull \hbox (336.25pt too wide) detected at line 434
[]
 []


Underfull \vbox (badness 10000) detected at line 434
 []


Overfull \hbox (336.25pt too wide) detected at line 434
[]
 []


Underfull \vbox (badness 10000) detected at line 434
 []


Overfull \hbox (336.25pt too wide) detected at line 434
[]
 []


Underfull \vbox (badness 10000) detected at line 434
 []


Overfull \hbox (336.25pt too wide) detected at line 434
[]
 []

Chapter 3.
(./3.toc)
\openout3 = `3.toc'.


Underfull \hbox (badness 10000) has occurred while \output is active
 [][][][] 
 []

[13


]
</git_repositories/Rep-Res-Book/Source/Children/Chapter3/images3/BlankMainPanel
.png, id=123, 1283.79625pt x 776.9025pt>
File: /git_repositories/Rep-Res-Book/Source/Children/Chapter3/images3/BlankMain
Panel.png Graphic file (type png)

<use /git_repositories/Rep-Res-Book/Source/Children/Chapter3/images3/BlankMainP
anel.png>
Package pdftex.def Info: /git_repositories/Rep-Res-Book/Source/Children/Chapter
3/images3/BlankMainPanel.png used on input line 473.
(pdftex.def)             Requested size: 336.5pt x 203.63766pt.
 [14] [15 </git_repositories/Rep-Res-Book/Source/Children/Chapter3/images3/Blan
kMainPanel.png>] [16

]
Underfull \vbox (badness 10000) detected at line 493
 []


Overfull \hbox (336.25pt too wide) detected at line 493
[]
 []


Underfull \vbox (badness 10000) detected at line 493
 []


Overfull \hbox (336.25pt too wide) detected at line 493
[]
 []


Underfull \vbox (badness 10000) detected at line 493
 []


Overfull \hbox (336.25pt too wide) detected at line 493
[]
 []


Underfull \vbox (badness 10000) detected at line 493
 []


Overfull \hbox (336.25pt too wide) detected at line 493
[]
 []

Chapter 4.
(./4.toc)
\openout3 = `4.toc'.


Underfull \vbox (badness 10000) detected at line 496
 []


Overfull \hbox (336.25pt too wide) detected at line 496
[]
 []


Underfull \vbox (badness 10000) detected at line 496
 []


Overfull \hbox (336.25pt too wide) detected at line 496
[]
 []


Underfull \vbox (badness 10000) detected at line 496
 []


Overfull \hbox (336.25pt too wide) detected at line 496
[]
 []


Underfull \vbox (badness 10000) detected at line 496
 []


Overfull \hbox (336.25pt too wide) detected at line 496
[]
 []


Underfull \hbox (badness 10000) has occurred while \output is active
 [][][][] 
 []

[17

] [18

]
Underfull \hbox (badness 10000) has occurred while \output is active
 [][][][] 
 []

[19]
Underfull \vbox (badness 10000) has occurred while \output is active []


Overfull \hbox (336.25pt too wide) has occurred while \output is active
[]
 []


Underfull \vbox (badness 10000) has occurred while \output is active []


Overfull \hbox (336.25pt too wide) has occurred while \output is active
[]
 []


Underfull \vbox (badness 10000) has occurred while \output is active []


Overfull \hbox (336.25pt too wide) has occurred while \output is active
[]
 []


Underfull \vbox (badness 10000) has occurred while \output is active []


Overfull \hbox (336.25pt too wide) has occurred while \output is active
[]
 []


Underfull \hbox (badness 10000) has occurred while \output is active
 [][][][] 
 []

[20]
Underfull \vbox (badness 10000) detected at line 506
 []


Overfull \hbox (336.25pt too wide) detected at line 506
[]
 []


Underfull \vbox (badness 10000) detected at line 506
 []


Overfull \hbox (336.25pt too wide) detected at line 506
[]
 []


Underfull \vbox (badness 10000) detected at line 506
 []


Overfull \hbox (336.25pt too wide) detected at line 506
[]
 []


Underfull \vbox (badness 10000) detected at line 506
 []


Overfull \hbox (336.25pt too wide) detected at line 506
[]
 []

Chapter 5.
(./5.toc)
\openout3 = `5.toc'.


Underfull \hbox (badness 10000) has occurred while \output is active
 [][][][] 
 []

[21


]

Package xcolor Warning: Incompatible color definition on input line 521.


Underfull \vbox (badness 10000) has occurred while \output is active []

 [22]
Underfull \hbox (badness 5893) in paragraph at lines 555--555
[][]\OT1/cmr/m/n/8 The de-scrip-tion of this pro-cess is based on a Stack Over-
flow com-ment
 []


Underfull \hbox (badness 10000) in paragraph at lines 555--555
\OT1/cmr/m/n/8 by Dirk Ed-del-buet-tel (see $\OT1/cmtt/m/n/8 http : / / stackov
erflow . com / questions / 3053833 /
 []


Underfull \hbox (badness 10000) in paragraph at lines 555--555
\OT1/cmtt/m/n/8 using-[]r-[]to-[]download-[]zipped-[]data-[]file-[]extract-[]an
d-[]import-[]data ? answertab = votes \
 []


Package xcolor Warning: Incompatible color definition on input line 569.


Overfull \hbox (46.74666pt too wide) in paragraph at lines 572--572
[]\OT1/cmtt/m/n/10 url <- []"http://www.unified-democracy-scores.org/files/uds_
summary.csv.gz"[][] 
 []


Package xcolor Warning: Incompatible color definition on input line 582.


Package xcolor Warning: Incompatible color definition on input line 583.


Overfull \hbox (8.52698pt too wide) in paragraph at lines 583--583
\OT1/cmtt/m/n/10 'http://www.unified-democracy-scores.org/files/uds[]summary.cs
v.gz'[]  
 []


Package xcolor Warning: Incompatible color definition on input line 590.


Package xcolor Warning: Incompatible color definition on input line 590.

[23] [24] [25] [26

]
Underfull \vbox (badness 10000) detected at line 627
 []


Overfull \hbox (336.25pt too wide) detected at line 627
[]
 []


Underfull \vbox (badness 10000) detected at line 627
 []


Overfull \hbox (336.25pt too wide) detected at line 627
[]
 []


Underfull \vbox (badness 10000) detected at line 627
 []


Overfull \hbox (336.25pt too wide) detected at line 627
[]
 []


Underfull \vbox (badness 10000) detected at line 627
 []


Overfull \hbox (336.25pt too wide) detected at line 627
[]
 []

Chapter 6.
(./6.toc)
\openout3 = `6.toc'.


Underfull \hbox (badness 10000) has occurred while \output is active
 [][][][] 
 []

[27

] [28]
Underfull \vbox (badness 10000) has occurred while \output is active []

 [29]
[30]

Package xcolor Warning: Incompatible color definition on input line 828.

[31] [32

]
Underfull \vbox (badness 10000) detected at line 854
 []


Overfull \hbox (336.25pt too wide) detected at line 854
[]
 []


Underfull \vbox (badness 10000) detected at line 854
 []


Overfull \hbox (336.25pt too wide) detected at line 854
[]
 []


Underfull \vbox (badness 10000) detected at line 854
 []


Overfull \hbox (336.25pt too wide) detected at line 854
[]
 []


Underfull \vbox (badness 10000) detected at line 854
 []


Overfull \hbox (336.25pt too wide) detected at line 854
[]
 []

Chapter 7.
(./7.toc)
\openout3 = `7.toc'.


Underfull \vbox (badness 10000) detected at line 858
 []


Overfull \hbox (336.25pt too wide) detected at line 858
[]
 []


Underfull \vbox (badness 10000) detected at line 858
 []


Overfull \hbox (336.25pt too wide) detected at line 858
[]
 []


Underfull \vbox (badness 10000) detected at line 858
 []


Overfull \hbox (336.25pt too wide) detected at line 858
[]
 []


Underfull \vbox (badness 10000) detected at line 858
 []


Overfull \hbox (336.25pt too wide) detected at line 858
[]
 []


Underfull \hbox (badness 10000) has occurred while \output is active
 [][][][] 
 []

[33

] [34

]
Underfull \hbox (badness 10000) has occurred while \output is active
 [][][][] 
 []

[35]
Underfull \vbox (badness 10000) has occurred while \output is active []


Overfull \hbox (336.25pt too wide) has occurred while \output is active
[]
 []


Underfull \vbox (badness 10000) has occurred while \output is active []


Overfull \hbox (336.25pt too wide) has occurred while \output is active
[]
 []


Underfull \vbox (badness 10000) has occurred while \output is active []


Overfull \hbox (336.25pt too wide) has occurred while \output is active
[]
 []


Underfull \vbox (badness 10000) has occurred while \output is active []


Overfull \hbox (336.25pt too wide) has occurred while \output is active
[]
 []


Underfull \hbox (badness 10000) has occurred while \output is active
 [][][][] 
 []

[36]
Underfull \vbox (badness 10000) detected at line 868
 []


Overfull \hbox (336.25pt too wide) detected at line 868
[]
 []


Underfull \vbox (badness 10000) detected at line 868
 []


Overfull \hbox (336.25pt too wide) detected at line 868
[]
 []


Underfull \vbox (badness 10000) detected at line 868
 []


Overfull \hbox (336.25pt too wide) detected at line 868
[]
 []


Underfull \vbox (badness 10000) detected at line 868
 []


Overfull \hbox (336.25pt too wide) detected at line 868
[]
 []

Chapter 8.
(./8.toc)
\openout3 = `8.toc'.


Underfull \vbox (badness 10000) has occurred while \output is active []


Underfull \hbox (badness 10000) has occurred while \output is active
 [][][][] 
 []

[37


]
! Too many }'s.
l.888 \paragraph(Inline dynamic code}
                                     
You've closed more groups than you opened.
Such booboos are generally harmless, so keep going.


Package xcolor Warning: Incompatible color definition on input line 895.


Package xcolor Warning: Incompatible color definition on input line 909.

! You can't use a prefix with `end-group character }'.
<to be read again> 
                   \egroup 
l.928 ...close the code in single backticks (\` \`
                                                  ). For example typing \`\ ...
I'll pretend you didn't say \long or \outer or \global or \protected.

! Too many }'s.
\add@accent ...\spacefactor }\accent #1 #2\egroup 
                                                  \spacefactor \accent@space...
l.928 ...close the code in single backticks (\` \`
                                                  ). For example typing \`\ ...
You've closed more groups than you opened.
Such booboos are generally harmless, so keep going.

LaTeX Font Info:    Try loading font information for OML+cmr on input line 928.

(/usr/local/texlive/2011/texmf-dist/tex/latex/base/omlcmr.fd
File: omlcmr.fd 1999/05/25 v2.5h Standard LaTeX font definitions
)
LaTeX Font Info:    Font shape `OML/cmr/m/n' in size <10> not available
(Font)              Font shape `OML/cmm/m/it' tried instead on input line 928.
 [38]
Underfull \vbox (badness 2781) has occurred while \output is active []

 [39]
[40]
Underfull \vbox (badness 10000) detected at line 997
 []


Overfull \hbox (336.25pt too wide) detected at line 997
[]
 []


Underfull \vbox (badness 10000) detected at line 997
 []


Overfull \hbox (336.25pt too wide) detected at line 997
[]
 []


Underfull \vbox (badness 10000) detected at line 997
 []


Overfull \hbox (336.25pt too wide) detected at line 997
[]
 []


Underfull \vbox (badness 10000) detected at line 997
 []


Overfull \hbox (336.25pt too wide) detected at line 997
[]
 []

Chapter 9.
(./9.toc)
\openout3 = `9.toc'.


Underfull \hbox (badness 10000) has occurred while \output is active
 [][][][] 
 []

[41


]
Underfull \hbox (badness 10000) detected at line 1065
 [][]
 []


Underfull \hbox (badness 10000) detected at line 1065
[][][]
 []


Underfull \hbox (badness 10000) detected at line 1066
 [][]
 []


Underfull \hbox (badness 10000) detected at line 1066
[][][]
 []

[42
Non-PDF special ignored!
Non-PDF special ignored!]
Underfull \hbox (badness 10000) detected at line 1067
 [][]
 []


Underfull \hbox (badness 10000) detected at line 1067
[][][]
 []


Package xcolor Warning: Incompatible color definition on input line 1073.


Overfull \hbox (4.74702pt too wide) in paragraph at lines 1079--1079
[]\OT1/cmtt/m/n/10 NBModel <- []zelig[](Examination ~ Education, model = []"nor
mal.bayes"[],[] 
 []


Package xcolor Warning: Incompatible color definition on input line 1095.


Package xcolor Warning: Incompatible color definition on input line 1097.


Package xcolor Warning: Incompatible color definition on input line 1106.


Package xcolor Warning: Incompatible color definition on input line 1117.

[43
Non-PDF special ignored!]

Package xcolor Warning: Incompatible color definition on input line 1128.

LaTeX Font Info:    Font shape `OT1/cmtt/bx/n' in size <12> not available
(Font)              Font shape `OT1/cmtt/m/n' tried instead on input line 1181.

[44] [45] [46

]
Underfull \vbox (badness 10000) detected at line 1192
 []


Overfull \hbox (336.25pt too wide) detected at line 1192
[]
 []


Underfull \vbox (badness 10000) detected at line 1192
 []


Overfull \hbox (336.25pt too wide) detected at line 1192
[]
 []


Underfull \vbox (badness 10000) detected at line 1192
 []


Overfull \hbox (336.25pt too wide) detected at line 1192
[]
 []


Underfull \vbox (badness 10000) detected at line 1192
 []


Overfull \hbox (336.25pt too wide) detected at line 1192
[]
 []

Chapter 10.
(./10.toc)
\openout3 = `10.toc'.


Underfull \vbox (badness 10000) detected at line 1195
 []


Overfull \hbox (336.25pt too wide) detected at line 1195
[]
 []


Underfull \vbox (badness 10000) detected at line 1195
 []


Overfull \hbox (336.25pt too wide) detected at line 1195
[]
 []


Underfull \vbox (badness 10000) detected at line 1195
 []


Overfull \hbox (336.25pt too wide) detected at line 1195
[]
 []


Underfull \vbox (badness 10000) detected at line 1195
 []


Overfull \hbox (336.25pt too wide) detected at line 1195
[]
 []


Underfull \hbox (badness 10000) has occurred while \output is active
 [][][][] 
 []

[47

] [48

]
Underfull \hbox (badness 10000) has occurred while \output is active
 [][][][] 
 []

[49]
Underfull \vbox (badness 10000) has occurred while \output is active []


Overfull \hbox (336.25pt too wide) has occurred while \output is active
[]
 []


Underfull \vbox (badness 10000) has occurred while \output is active []


Overfull \hbox (336.25pt too wide) has occurred while \output is active
[]
 []


Underfull \vbox (badness 10000) has occurred while \output is active []


Overfull \hbox (336.25pt too wide) has occurred while \output is active
[]
 []


Underfull \vbox (badness 10000) has occurred while \output is active []


Overfull \hbox (336.25pt too wide) has occurred while \output is active
[]
 []


Underfull \hbox (badness 10000) has occurred while \output is active
 [][][][] 
 []

[50]
Underfull \vbox (badness 10000) detected at line 1205
 []


Overfull \hbox (336.25pt too wide) detected at line 1205
[]
 []


Underfull \vbox (badness 10000) detected at line 1205
 []


Overfull \hbox (336.25pt too wide) detected at line 1205
[]
 []


Underfull \vbox (badness 10000) detected at line 1205
 []


Overfull \hbox (336.25pt too wide) detected at line 1205
[]
 []


Underfull \vbox (badness 10000) detected at line 1205
 []


Overfull \hbox (336.25pt too wide) detected at line 1205
[]
 []

Chapter 11.
LaTeX Font Info:    Calculating math sizes for size <18> on input line 1205.

LaTeX Font Warning: Font shape `OT1/cmr/m/n' in size <18> not available
(Font)              size <17.28> substituted on input line 1205.


LaTeX Font Warning: Font shape `OT1/cmr/m/n' in size <12.59995> not available
(Font)              size <12> substituted on input line 1205.


LaTeX Font Warning: Font shape `OML/cmm/m/it' in size <18> not available
(Font)              size <17.28> substituted on input line 1205.


LaTeX Font Warning: Font shape `OML/cmm/m/it' in size <12.59995> not available
(Font)              size <12> substituted on input line 1205.


LaTeX Font Warning: Font shape `OMS/cmsy/m/n' in size <18> not available
(Font)              size <17.28> substituted on input line 1205.


LaTeX Font Warning: Font shape `OMS/cmsy/m/n' in size <12.59995> not available
(Font)              size <12> substituted on input line 1205.


LaTeX Font Warning: Font shape `OT1/cmr/m/sl' in size <12.59995> not available
(Font)              size <12> substituted on input line 1205.

(./11.toc)
\openout3 = `11.toc'.



Package xcolor Warning: Incompatible color definition on input line 1231.


Underfull \hbox (badness 10000) has occurred while \output is active
 [][][][] 
 []

[51


]

Package xcolor Warning: Incompatible color definition on input line 1261.


Package xcolor Warning: Incompatible color definition on input line 1282.

[52]

Package xcolor Warning: Incompatible color definition on input line 1299.

[53] [54

]
Underfull \vbox (badness 10000) detected at line 1322
 []


Overfull \hbox (336.25pt too wide) detected at line 1322
[]
 []


Underfull \vbox (badness 10000) detected at line 1322
 []


Overfull \hbox (336.25pt too wide) detected at line 1322
[]
 []


Underfull \vbox (badness 10000) detected at line 1322
 []


Overfull \hbox (336.25pt too wide) detected at line 1322
[]
 []


Underfull \vbox (badness 10000) detected at line 1322
 []


Overfull \hbox (336.25pt too wide) detected at line 1322
[]
 []

Chapter 12.
(./12.toc)
\openout3 = `12.toc'.


Underfull \hbox (badness 10000) has occurred while \output is active
 [][][][] 
 []

[55

]

Package xcolor Warning: Incompatible color definition on input line 1348.

[56]
Underfull \vbox (badness 10000) detected at line 1371
 []


Overfull \hbox (336.25pt too wide) detected at line 1371
[]
 []


Underfull \vbox (badness 10000) detected at line 1371
 []


Overfull \hbox (336.25pt too wide) detected at line 1371
[]
 []


Underfull \vbox (badness 10000) detected at line 1371
 []


Overfull \hbox (336.25pt too wide) detected at line 1371
[]
 []


Underfull \vbox (badness 10000) detected at line 1371
 []


Overfull \hbox (336.25pt too wide) detected at line 1371
[]
 []

Chapter 13.
(./13.toc)
\openout3 = `13.toc'.


Underfull \vbox (badness 10000) has occurred while \output is active []


Underfull \hbox (badness 10000) has occurred while \output is active
 [][][][] 
 []

[57


] [58]
Underfull \vbox (badness 10000) detected at line 1428
 []


Overfull \hbox (336.25pt too wide) detected at line 1428
[]
 []


Underfull \vbox (badness 10000) detected at line 1428
 []


Overfull \hbox (336.25pt too wide) detected at line 1428
[]
 []


Underfull \vbox (badness 10000) detected at line 1428
 []


Overfull \hbox (336.25pt too wide) detected at line 1428
[]
 []


Underfull \vbox (badness 10000) detected at line 1428
 []


Overfull \hbox (336.25pt too wide) detected at line 1428
[]
 []

Chapter 14.
(./14.toc)
\openout3 = `14.toc'.

 (./Rep-Res-Parent.bbl
Underfull \hbox (badness 10000) has occurred while \output is active
 [][][][] 
 []

[59


] [60

]
Underfull \vbox (badness 10000) detected at line 1
 []


Overfull \hbox (336.25pt too wide) detected at line 1
[]
 []


Underfull \vbox (badness 10000) detected at line 1
 []


Overfull \hbox (336.25pt too wide) detected at line 1
[]
 []


Underfull \vbox (badness 10000) detected at line 1
 []


Overfull \hbox (336.25pt too wide) detected at line 1
[]
 []


Underfull \vbox (badness 10000) detected at line 1
 []


Overfull \hbox (336.25pt too wide) detected at line 1
[]
 []


Underfull \hbox (badness 10000) detected at line 1
[]
 []

)
Underfull \hbox (badness 10000) has occurred while \output is active
 [][][][] 
 []

[61

] (./Rep-Res-Parent.ind [62


]
Underfull \hbox (badness 10000) detected at line 1
[]
 []


Underfull \hbox (badness 10000) has occurred while \output is active
 [][][][] 
 []

[63


]) (./Rep-Res-Parent.aux)

LaTeX Font Warning: Size substitutions with differences
(Font)              up to 0.88pt have occurred.


LaTeX Font Warning: Some font shapes were not available, defaults substituted.

 ) 
Here is how much of TeX's memory you used:
 12717 strings out of 493633
 230245 string characters out of 3143377
 270912 words of memory out of 3000000
 15635 multiletter control sequences out of 15000+200000
 25388 words of font info for 99 fonts, out of 3000000 for 9000
 831 hyphenation exceptions out of 8191
 63i,8n,57p,875b,292s stack positions out of 5000i,500n,10000p,200000b,50000s
{/usr/local/texlive/2011/texmf-dist/fonts/enc/dvips/cm-super/cm-super-ts1.enc
}</usr/local/texlive/2011/texmf-dist/fonts/type1/public/amsfonts/cm/cmbx10.pfb>
</usr/local/texlive/2011/texmf-dist/fonts/type1/public/amsfonts/cm/cmbx12.pfb><
/usr/local/texlive/2011/texmf-dist/fonts/type1/public/amsfonts/cm/cmbx7.pfb></u
sr/local/texlive/2011/texmf-dist/fonts/type1/public/amsfonts/cm/cmbx8.pfb></usr
/local/texlive/2011/texmf-dist/fonts/type1/public/amsfonts/cm/cmbxsl10.pfb></us
r/local/texlive/2011/texmf-dist/fonts/type1/public/amsfonts/cm/cmitt10.pfb></us
r/local/texlive/2011/texmf-dist/fonts/type1/public/amsfonts/cm/cmmi10.pfb></usr
/local/texlive/2011/texmf-dist/fonts/type1/public/amsfonts/cm/cmmi9.pfb></usr/l
ocal/texlive/2011/texmf-dist/fonts/type1/public/amsfonts/cm/cmr10.pfb></usr/loc
al/texlive/2011/texmf-dist/fonts/type1/public/amsfonts/cm/cmr6.pfb></usr/local/
texlive/2011/texmf-dist/fonts/type1/public/amsfonts/cm/cmr7.pfb></usr/local/tex
live/2011/texmf-dist/fonts/type1/public/amsfonts/cm/cmr8.pfb></usr/local/texliv
e/2011/texmf-dist/fonts/type1/public/amsfonts/cm/cmr9.pfb></usr/local/texlive/2
011/texmf-dist/fonts/type1/public/amsfonts/cm/cmsl12.pfb></usr/local/texlive/20
11/texmf-dist/fonts/type1/public/amsfonts/cm/cmsy10.pfb></usr/local/texlive/201
1/texmf-dist/fonts/type1/public/amsfonts/cm/cmti10.pfb></usr/local/texlive/2011
/texmf-dist/fonts/type1/public/amsfonts/cm/cmti7.pfb></usr/local/texlive/2011/t
exmf-dist/fonts/type1/public/amsfonts/cm/cmti8.pfb></usr/local/texlive/2011/tex
mf-dist/fonts/type1/public/amsfonts/cm/cmtt10.pfb></usr/local/texlive/2011/texm
f-dist/fonts/type1/public/amsfonts/cm/cmtt12.pfb></usr/local/texlive/2011/texmf
-dist/fonts/type1/public/amsfonts/cm/cmtt8.pfb></usr/local/texlive/2011/texmf-d
ist/fonts/type1/public/amsfonts/cm/cmtt9.pfb></usr/local/texlive/2011/texmf-dis
t/fonts/type1/public/cm-super/sfrm1000.pfb></usr/local/texlive/2011/texmf-dist/
fonts/type1/public/cm-super/sftt1000.pfb>
Output written on Rep-Res-Parent.pdf (81 pages, 508962 bytes).
PDF statistics:
 370 PDF objects out of 1000 (max. 8388607)
 258 compressed objects within 3 object streams
 0 named destinations out of 1000 (max. 500000)
 18 words of extra memory for PDF output out of 10000 (max. 10000000)

