This is pdfTeX, Version 3.1415926-2.3-1.40.12 (TeX Live 2011) (format=pdflatex 2011.12.2)  16 JAN 2013 17:30
entering extended mode
 restricted \write18 enabled.
 %&-line parsing enabled.
**GandrudRep-Res-Book-TOC.tex
(./GandrudRep-Res-Book-TOC.tex
LaTeX2e <2009/09/24>
Babel <v3.8l> and hyphenation patterns for english, dumylang, nohyphenation, ge
rman-x-2009-06-19, ngerman-x-2009-06-19, afrikaans, ancientgreek, ibycus, arabi
c, armenian, basque, bulgarian, catalan, pinyin, coptic, croatian, czech, danis
h, dutch, ukenglish, usenglishmax, esperanto, estonian, ethiopic, farsi, finnis
h, french, galician, german, ngerman, swissgerman, monogreek, greek, hungarian,
 icelandic, assamese, bengali, gujarati, hindi, kannada, malayalam, marathi, or
iya, panjabi, tamil, telugu, indonesian, interlingua, irish, italian, kurmanji,
 lao, latin, latvian, lithuanian, mongolian, mongolianlmc, bokmal, nynorsk, pol
ish, portuguese, romanian, russian, sanskrit, serbian, serbianc, slovak, sloven
ian, spanish, swedish, turkish, turkmen, ukrainian, uppersorbian, welsh, loaded
.
(./krantz.cls
Document Class: krantz 2005/09/16 v1.4f Standard LaTeX document class
(/usr/local/texlive/2011/texmf-dist/tex/latex/base/bk10.clo
File: bk10.clo 2007/10/19 v1.4h Standard LaTeX file (size option)
)
\trimheight=\dimen102
\trimwidth=\dimen103
\normaltextheight=\dimen104
\tempa=\dimen105
\tempdimen=\dimen106
\htrim=\dimen107
\vtrimtop=\dimen108
\vtrimbot=\dimen109
\ul@box=\box26
\ur@box=\box27
\ll@box=\box28
\lr@box=\box29
\@cipboxa=\box30
\@cipboxb=\box31
\@ciprulewidth=\dimen110
\c@part=\count79
\c@chapter=\count80
\c@section=\count81
\c@subsection=\count82
\c@subsubsection=\count83
\c@paragraph=\count84
\c@subparagraph=\count85
\c@figure=\count86
\c@table=\count87
\abovecaptionskip=\skip41
\belowcaptionskip=\skip42
\c@numauthors=\count88
\section@toc@skip=\skip43
\SectionTOCWidth=\skip44
\subsection@toc@skip=\skip45
\SubSectionTOCWidth=\skip46
\subsubsection@toc@skip=\skip47
\SubSubSectionTOCWidth=\skip48
\paragraph@toc@skip=\skip49
\ParagraphTOCWidth=\skip50
\subparagraph@toc@skip=\skip51
\@AUonebox=\box32
\@AUtwobox=\box33
\@AUthreebox=\box34
\@AUfourbox=\box35
\@AUaffonebox=\box36
\@AUafftwobox=\box37
\@AUaffthreebox=\box38
\@AUafffourbox=\box39
\@finalAUboxfromone=\box40
\@finalAUboxfromtwo=\box41
\@finalAUboxfromthree=\box42
\@finalAUboxfromfour=\box43
\c@chaptocdepth=\count89
\bibindent=\dimen111
\tempbox=\box44
\nomenwidth=\dimen112
\@tablebox=\box45
\@tabletitlebox=\box46
\@tablewidth=\dimen113
\@tabletitlewidth=\dimen114
\max@tablewidth=\dimen115
\tempbox=\box47
\tempdimen=\dimen116
\tempbox=\box48
\notewidth=\dimen117
\wherebox=\box49
\wherewidth=\dimen118
\listtextleftmargin=\skip52
\listtextleftmarginii=\skip53
\listtextleftmarginiii=\skip54
\listtextrightmargin=\skip55
\listlabelleftskip=\skip56
\listlabelleftskipii=\skip57
\listlabelleftskipiii=\skip58
\abovelistskipi=\skip59
\belowlistskipi=\skip60
\abovelistskipii=\skip61
\belowlistskipii=\skip62
\abovelistskipiii=\skip63
\belowlistskipiii=\skip64
\labelsepi=\skip65
\labelsepii=\skip66
\labelsepiii=\skip67
\itemsepi=\skip68
\itemsepii=\skip69
\itemsepiii=\skip70
\enumdimwd=\dimen119
\enumdim=\dimen120
\concolwidth=\dimen121
\stempbox=\box50
)
(/usr/local/texlive/2011/texmf-dist/tex/latex/fancyhdr/fancyhdr.sty
\fancy@headwidth=\skip71
\f@ncyO@elh=\skip72
\f@ncyO@erh=\skip73
\f@ncyO@olh=\skip74
\f@ncyO@orh=\skip75
\f@ncyO@elf=\skip76
\f@ncyO@erf=\skip77
\f@ncyO@olf=\skip78
\f@ncyO@orf=\skip79
)

! LaTeX Error: Missing \begin{document}.

See the LaTeX manual or LaTeX Companion for explanation.
Type  H <return>  for immediate help.
 ...                                              
                                                  
l.4 \pagestyle{fancy}
                     
You're in trouble here.  Try typing  <return>  to proceed.
If that doesn't work, type  X <return>  to quit.


Underfull \vbox (badness 10000) detected at line 4
 []


Overfull \hbox (336.25pt too wide) detected at line 4
[]
 []


! LaTeX Error: Missing \begin{document}.

See the LaTeX manual or LaTeX Companion for explanation.
Type  H <return>  for immediate help.
 ...                                              
                                                  
l.4 \pagestyle{fancy}
                     
You're in trouble here.  Try typing  <return>  to proceed.
If that doesn't work, type  X <return>  to quit.


Underfull \vbox (badness 10000) detected at line 4
 []


Overfull \hbox (336.25pt too wide) detected at line 4
[]
 []


! LaTeX Error: Missing \begin{document}.

See the LaTeX manual or LaTeX Companion for explanation.
Type  H <return>  for immediate help.
 ...                                              
                                                  
l.4 \pagestyle{fancy}
                     
You're in trouble here.  Try typing  <return>  to proceed.
If that doesn't work, type  X <return>  to quit.


Underfull \vbox (badness 10000) detected at line 4
 []


Overfull \hbox (336.25pt too wide) detected at line 4
[]
 []


! LaTeX Error: Missing \begin{document}.

See the LaTeX manual or LaTeX Companion for explanation.
Type  H <return>  for immediate help.
 ...                                              
                                                  
l.4 \pagestyle{fancy}
                     
You're in trouble here.  Try typing  <return>  to proceed.
If that doesn't work, type  X <return>  to quit.


Underfull \vbox (badness 10000) detected at line 4
 []


Overfull \hbox (336.25pt too wide) detected at line 4
[]
 []

(./GandrudRep-Res-Book-TOC.aux)
\openout1 = `GandrudRep-Res-Book-TOC.aux'.

LaTeX Font Info:    Checking defaults for OML/cmm/m/it on input line 9.
LaTeX Font Info:    ... okay on input line 9.
LaTeX Font Info:    Checking defaults for T1/cmr/m/n on input line 9.
LaTeX Font Info:    ... okay on input line 9.
LaTeX Font Info:    Checking defaults for OT1/cmr/m/n on input line 9.
LaTeX Font Info:    ... okay on input line 9.
LaTeX Font Info:    Checking defaults for OMS/cmsy/m/n on input line 9.
LaTeX Font Info:    ... okay on input line 9.
LaTeX Font Info:    Checking defaults for OMX/cmex/m/n on input line 9.
LaTeX Font Info:    ... okay on input line 9.
LaTeX Font Info:    Checking defaults for U/cmr/m/n on input line 9.
LaTeX Font Info:    ... okay on input line 9.
LaTeX Font Info:    Try loading font information for OMS+cmr on input line 9.

(/usr/local/texlive/2011/texmf-dist/tex/latex/base/omscmr.fd
File: omscmr.fd 1999/05/25 v2.5h Standard LaTeX font definitions
)
LaTeX Font Info:    Font shape `OMS/cmr/m/n' in size <6> not available
(Font)              Font shape `OMS/cmsy/m/n' tried instead on input line 9.


LaTeX Font Warning: Font shape `OT1/cmr/m/sl' in size <24> not available
(Font)              size <24.88> substituted on input line 11.


LaTeX Font Warning: Font shape `OT1/cmr/bx/sl' in size <24> not available
(Font)              size <24.88> substituted on input line 11.


Underfull \vbox (badness 10000) has occurred while \output is active []


Overfull \hbox (336.25pt too wide) has occurred while \output is active
[]
 []


Underfull \vbox (badness 10000) has occurred while \output is active []


Overfull \hbox (336.25pt too wide) has occurred while \output is active
[]
 []


Underfull \vbox (badness 10000) has occurred while \output is active []


Overfull \hbox (336.25pt too wide) has occurred while \output is active
[]
 []


Underfull \vbox (badness 10000) has occurred while \output is active []


Overfull \hbox (336.25pt too wide) has occurred while \output is active
[]
 []


Underfull \hbox (badness 10000) has occurred while \output is active
 [][][][] 
 []

[1


{/usr/local/texlive/2011/texmf-var/fonts/map/pdftex/updmap/pdftex.map}]
(/git_repositories/Rep-Res-Book/Source/Rep-Res-Parent.toc
! Undefined control sequence.
\draw@authors ...@authors \@empty \else \@authors 
                                                  \ifnum \c@numauthors >2,\f...
l.3 ...ine {1.1}What is reproducible research?}{3}
                                                  
The control sequence at the end of the top line
of your error message was never \def'ed. If you have
misspelled it (e.g., `\hobx'), type `I' and the correct
spelling (e.g., `I\hbox'). Otherwise just continue,
and I'll forget about whatever was undefined.

! Undefined control sequence.
\draw@authors ...break \fi \ and \fi \last@author 
                                                  \break \fi \reset@authors 
l.3 ...ine {1.1}What is reproducible research?}{3}
                                                  
The control sequence at the end of the top line
of your error message was never \def'ed. If you have
misspelled it (e.g., `\hobx'), type `I' and the correct
spelling (e.g., `I\hbox'). Otherwise just continue,
and I'll forget about whatever was undefined.


Underfull \hbox (badness 10000) in paragraph at lines 3--4
[]  \OT1/cmr/m/it/10 and 
 []


Underfull \hbox (badness 10000) in paragraph at lines 3--4

 []


Underfull \hbox (badness 10000) in paragraph at lines 3--4

 []

LaTeX Font Info:    External font `cmex10' loaded for size
(Font)              <7> on input line 4.
LaTeX Font Info:    External font `cmex10' loaded for size
(Font)              <5> on input line 4.
[2] [3] [4] [5]) [6] (./GandrudRep-Res-Book-TOC.aux)

LaTeX Font Warning: Size substitutions with differences
(Font)              up to 0.88pt have occurred.

 ) 
Here is how much of TeX's memory you used:
 785 strings out of 493633
 9743 string characters out of 3143377
 64675 words of memory out of 3000000
 4148 multiletter control sequences out of 15000+200000
 7406 words of font info for 26 fonts, out of 3000000 for 9000
 831 hyphenation exceptions out of 8191
 32i,11n,43p,242b,241s stack positions out of 5000i,500n,10000p,200000b,50000s
</usr/local/texlive/2011/texmf-dist/fonts/type1/public/amsfonts/cm/cmbx10.pfb
></usr/local/texlive/2011/texmf-dist/fonts/type1/public/amsfonts/cm/cmbx12.pfb>
</usr/local/texlive/2011/texmf-dist/fonts/type1/public/amsfonts/cm/cmbxsl10.pfb
></usr/local/texlive/2011/texmf-dist/fonts/type1/public/amsfonts/cm/cmr10.pfb><
/usr/local/texlive/2011/texmf-dist/fonts/type1/public/amsfonts/cm/cmti10.pfb></
usr/local/texlive/2011/texmf-dist/fonts/type1/public/amsfonts/cm/cmtt10.pfb>
Output written on GandrudRep-Res-Book-TOC.pdf (6 pages, 101433 bytes).
PDF statistics:
 47 PDF objects out of 1000 (max. 8388607)
 32 compressed objects within 1 object stream
 0 named destinations out of 1000 (max. 500000)
 1 words of extra memory for PDF output out of 10000 (max. 10000000)

